<?xml version="1.0" encoding="UTF-8"?>
<testng-results ignored="0" total="1" passed="1" failed="0" skipped="0">
  <reporter-output>
  </reporter-output>
  <suite started-at="2024-03-04T19:04:01 WIB" name="Surefire suite" finished-at="2024-03-04T19:04:02 WIB" duration-ms="1720">
    <groups>
    </groups>
    <test started-at="2024-03-04T19:04:01 WIB" name="Surefire test" finished-at="2024-03-04T19:04:02 WIB" duration-ms="1720">
      <class name="TestlinkTest">
        <test-method signature="test()" started-at="2024-03-04T19:04:01 WIB" name="test" finished-at="2024-03-04T19:04:02 WIB" duration-ms="1660" status="PASS">
          <reporter-output>
          </reporter-output>
        </test-method> <!-- test -->
      </class> <!-- TestlinkTest -->
    </test> <!-- Surefire test -->
  </suite> <!-- Surefire suite -->
</testng-results>
